::1 - - [11/Apr/2017:20:30:52 +0200] "GET /phpmyadmin HTTP/1.1" 301 241
::1 - - [11/Apr/2017:20:30:52 +0200] "GET /phpmyadmin/ HTTP/1.1" 200 8153
::1 - - [11/Apr/2017:20:30:53 +0200] "GET /phpmyadmin/js/get_scripts.js.php?scripts[]=jquery/jquery-1.8.3.js&scripts[]=ajax.js&scripts[]=keyhandler.js&scripts[]=jquery/jquery-ui-1.9.2.custom.js&scripts[]=jquery/jquery.sprintf.js&scripts[]=jquery/jquery.cookie.js&scripts[]=jquery/jquery.mousewheel.js&scripts[]=jquery/jquery.event.drag-2.2.js&scripts[]=jquery/jquery-ui-timepicker-addon.js&scripts[]=jquery/jquery.ba-hashchange-1.3.js&scripts[]=jquery/jquery.debounce-1.0.5.js&scripts[]=jquery/jquery.menuResizer-1.0.js&scripts[]=rte.js&scripts[]=functions.js&scripts[]=navigation.js&scripts[]=indexes.js&scripts[]=common.js&scripts[]=codemirror/lib/codemirror.js&scripts[]=codemirror/mode/mysql/mysql.js HTTP/1.1" 200 578562
::1 - - [11/Apr/2017:20:30:53 +0200] "GET /phpmyadmin/phpmyadmin.css.php?server=1&token=1afc4d229d548f7ab2e221510b608158&nocache=4125195912ltr HTTP/1.1" 200 88608
::1 - - [11/Apr/2017:20:30:53 +0200] "GET /phpmyadmin/js/get_image.js.php?theme=pmahomme HTTP/1.1" 200 6263
::1 - - [11/Apr/2017:20:30:53 +0200] "GET /phpmyadmin/themes/pmahomme/img/logo_right.png HTTP/1.1" 200 4548
::1 - - [11/Apr/2017:20:30:53 +0200] "GET /phpmyadmin/themes/dot.gif HTTP/1.1" 200 43
::1 - - [11/Apr/2017:20:30:53 +0200] "GET /phpmyadmin/js/messages.php?lang=nl&db=&server=0&token=1afc4d229d548f7ab2e221510b608158 HTTP/1.1" 200 18194
::1 - - [11/Apr/2017:20:30:53 +0200] "GET /phpmyadmin/themes/pmahomme/img/sprites.png HTTP/1.1" 200 61899
::1 - - [11/Apr/2017:20:30:57 +0200] "POST /phpmyadmin/index.php HTTP/1.1" 302 -
::1 - - [11/Apr/2017:20:30:57 +0200] "GET /phpmyadmin/index.php?token=1afc4d229d548f7ab2e221510b608158 HTTP/1.1" 200 44988
::1 - - [11/Apr/2017:20:30:58 +0200] "GET /phpmyadmin/themes/pmahomme/img/logo_left.png HTTP/1.1" 200 2327
::1 - - [11/Apr/2017:20:30:58 +0200] "GET /phpmyadmin/themes/pmahomme/img/ajax_clock_small.gif HTTP/1.1" 200 1810
::1 - - [11/Apr/2017:20:30:58 +0200] "GET /phpmyadmin/phpmyadmin.css.php?server=1&token=1afc4d229d548f7ab2e221510b608158&nocache=5617045549ltr HTTP/1.1" 200 88608
::1 - - [11/Apr/2017:20:30:58 +0200] "GET /phpmyadmin/themes/pmahomme/img/left_nav_bg.png HTTP/1.1" 200 297
::1 - - [11/Apr/2017:20:30:58 +0200] "GET /phpmyadmin/version_check.php?&_nocache=1491935458470744541 HTTP/1.1" 200 39
::1 - - [11/Apr/2017:20:31:00 +0200] "GET /phpmyadmin/db_structure.php?server=1&db=test&token=1afc4d229d548f7ab2e221510b608158&ajax_request=true&ajax_page_request=true&menuHashes=0ab6fd75&_nocache=1491935460124771675 HTTP/1.1" 200 5551
::1 - - [11/Apr/2017:20:31:00 +0200] "GET /phpmyadmin/js/get_scripts.js.php?scripts[]=db_structure.js&scripts[]=tbl_change.js HTTP/1.1" 200 12382
::1 - - [11/Apr/2017:20:33:02 +0200] "GET /phpmyadmin/db_structure.php?server=1&db=test&token=1afc4d229d548f7ab2e221510b608158&ajax_request=true&ajax_page_request=true&menuHashes=0ab6fd75-32b0c3ac&_nocache=1491935582390223719 HTTP/1.1" 200 2442
::1 - - [11/Apr/2017:20:33:05 +0200] "GET /phpmyadmin/db_operations.php?db=test&token=1afc4d229d548f7ab2e221510b608158&ajax_request=true&ajax_page_request=true&menuHashes=0ab6fd75-32b0c3ac&_nocache=1491935585320932214 HTTP/1.1" 200 36869
::1 - - [11/Apr/2017:20:33:05 +0200] "GET /phpmyadmin/js/get_scripts.js.php?scripts[]=db_operations.js HTTP/1.1" 200 1854
::1 - - [11/Apr/2017:20:33:14 +0200] "GET /phpmyadmin/themes/pmahomme/jquery/images/ui-bg_flat_75_ffffff_40x100.png HTTP/1.1" 200 178
::1 - - [11/Apr/2017:20:33:14 +0200] "GET /phpmyadmin/themes/pmahomme/jquery/images/ui-icons_222222_256x240.png HTTP/1.1" 200 4369
::1 - - [11/Apr/2017:20:33:14 +0200] "GET /phpmyadmin/themes/pmahomme/jquery/images/ui-bg_highlight-soft_75_cccccc_1x100.png HTTP/1.1" 200 101
::1 - - [11/Apr/2017:20:33:14 +0200] "GET /phpmyadmin/themes/pmahomme/jquery/images/ui-bg_glass_75_e6e6e6_1x400.png HTTP/1.1" 200 110
::1 - - [11/Apr/2017:20:33:14 +0200] "GET /phpmyadmin/themes/pmahomme/jquery/images/ui-bg_flat_0_aaaaaa_40x100.png HTTP/1.1" 200 180
::1 - - [11/Apr/2017:20:33:14 +0200] "GET /phpmyadmin/themes/pmahomme/jquery/images/ui-bg_glass_75_dadada_1x400.png HTTP/1.1" 200 159
::1 - - [11/Apr/2017:20:33:16 +0200] "GET /phpmyadmin/themes/pmahomme/jquery/images/ui-bg_glass_65_ffffff_1x400.png HTTP/1.1" 200 105
::1 - - [11/Apr/2017:20:33:16 +0200] "GET /phpmyadmin/db_operations.php?db_collation=latin1_swedish_ci&what=data&db_rename=true&db=test&token=1afc4d229d548f7ab2e221510b608158&newname=lijst&ajax_request=true&is_js_confirmed=1&_nocache=1491935596113965921 HTTP/1.1" 200 3702
::1 - - [11/Apr/2017:20:33:16 +0200] "POST /phpmyadmin/navigation.php?ajax_request=1&token=1afc4d229d548f7ab2e221510b608158 HTTP/1.1" 200 669
::1 - - [11/Apr/2017:20:33:16 +0200] "POST /phpmyadmin/navigation.php?ajax_request=1&token=1afc4d229d548f7ab2e221510b608158 HTTP/1.1" 200 669
::1 - - [11/Apr/2017:20:33:16 +0200] "GET /phpmyadmin/db_structure.php?server=1&db=lijst&token=1afc4d229d548f7ab2e221510b608158&ajax_request=true&ajax_page_request=true&menuHashes=16018185-0ab6fd75-32b0c3ac&_nocache=1491935596581920755 HTTP/1.1" 200 5570
::1 - - [11/Apr/2017:20:33:17 +0200] "GET /phpmyadmin/db_structure.php?server=1&db=lijst&token=1afc4d229d548f7ab2e221510b608158&ajax_request=true&ajax_page_request=true&menuHashes=16018185-0ab6fd75-32b0c3ac-d2d4c283&_nocache=1491935597563398327 HTTP/1.1" 200 2447
::1 - - [11/Apr/2017:20:39:11 +0200] "GET / HTTP/1.1" 200 -
::1 - - [11/Apr/2017:20:39:20 +0200] "GET / HTTP/1.1" 200 151
::1 - - [11/Apr/2017:20:41:11 +0200] "GET / HTTP/1.1" 200 151
::1 - - [11/Apr/2017:20:41:15 +0200] "GET / HTTP/1.1" 200 151
::1 - - [11/Apr/2017:20:41:25 +0200] "GET / HTTP/1.1" 200 151
::1 - - [11/Apr/2017:20:42:27 +0200] "GET / HTTP/1.1" 200 308
::1 - - [11/Apr/2017:20:42:27 +0200] "GET /style.css HTTP/1.1" 404 207
::1 - - [11/Apr/2017:20:42:31 +0200] "GET / HTTP/1.1" 200 308
::1 - - [11/Apr/2017:20:42:31 +0200] "GET /style.css HTTP/1.1" 404 207
::1 - - [11/Apr/2017:20:43:25 +0200] "GET / HTTP/1.1" 200 308
::1 - - [11/Apr/2017:20:43:25 +0200] "GET /style.css HTTP/1.1" 404 207
::1 - - [11/Apr/2017:20:44:00 +0200] "GET / HTTP/1.1" 200 319
::1 - - [11/Apr/2017:20:44:00 +0200] "GET /assets/css/style.css HTTP/1.1" 200 677
::1 - - [11/Apr/2017:20:48:11 +0200] "GET / HTTP/1.1" 200 393
::1 - - [11/Apr/2017:20:48:11 +0200] "GET /assets/css/style.css HTTP/1.1" 304 -
::1 - - [11/Apr/2017:20:48:46 +0200] "GET / HTTP/1.1" 200 426
::1 - - [11/Apr/2017:21:01:48 +0200] "GET / HTTP/1.1" 200 426
::1 - - [11/Apr/2017:21:01:48 +0200] "GET /assets/css/style.css HTTP/1.1" 304 -
::1 - - [11/Apr/2017:21:01:50 +0200] "GET /login.php HTTP/1.1" 200 508
::1 - - [11/Apr/2017:21:03:14 +0200] "GET /login.php HTTP/1.1" 200 575
::1 - - [11/Apr/2017:21:04:09 +0200] "GET /login.php HTTP/1.1" 200 573
::1 - - [11/Apr/2017:21:04:09 +0200] "GET /assets/css/style.css HTTP/1.1" 304 -
::1 - - [11/Apr/2017:21:04:10 +0200] "GET / HTTP/1.1" 200 493
::1 - - [11/Apr/2017:21:04:11 +0200] "GET /login.php HTTP/1.1" 200 573
::1 - - [11/Apr/2017:21:04:12 +0200] "GET / HTTP/1.1" 200 493
::1 - - [11/Apr/2017:21:04:12 +0200] "GET /register.php HTTP/1.1" 200 352
::1 - - [11/Apr/2017:21:04:13 +0200] "GET / HTTP/1.1" 200 493
::1 - - [11/Apr/2017:21:04:14 +0200] "GET /login.php HTTP/1.1" 200 573
::1 - - [11/Apr/2017:21:04:15 +0200] "GET / HTTP/1.1" 200 493
::1 - - [11/Apr/2017:21:05:33 +0200] "GET / HTTP/1.1" 200 493
::1 - - [11/Apr/2017:21:05:34 +0200] "GET /login.php HTTP/1.1" 200 626
::1 - - [11/Apr/2017:21:05:35 +0200] "GET /register.php HTTP/1.1" 200 399
::1 - - [11/Apr/2017:21:05:36 +0200] "GET /register.php HTTP/1.1" 200 399
::1 - - [11/Apr/2017:21:05:37 +0200] "GET /register.php HTTP/1.1" 200 399
::1 - - [11/Apr/2017:21:05:46 +0200] "GET /register.php HTTP/1.1" 200 396
::1 - - [11/Apr/2017:21:05:47 +0200] "GET /login.php HTTP/1.1" 200 626
::1 - - [11/Apr/2017:21:05:48 +0200] "GET /register.php HTTP/1.1" 200 396
::1 - - [11/Apr/2017:21:05:48 +0200] "GET /login.php HTTP/1.1" 200 626
::1 - - [11/Apr/2017:21:05:49 +0200] "GET /register.php HTTP/1.1" 200 396
::1 - - [11/Apr/2017:21:05:50 +0200] "GET /login.php HTTP/1.1" 200 626
::1 - - [11/Apr/2017:21:06:17 +0200] "POST /login.php HTTP/1.1" 200 626
::1 - - [11/Apr/2017:21:08:58 +0200] "POST /login.php HTTP/1.1" 200 131
::1 - - [11/Apr/2017:21:10:21 +0200] "POST /login.php HTTP/1.1" 200 6
::1 - - [11/Apr/2017:21:10:25 +0200] "GET /login.php HTTP/1.1" 200 630
::1 - - [11/Apr/2017:21:10:27 +0200] "POST /login.php HTTP/1.1" 200 6
::1 - - [11/Apr/2017:21:15:29 +0200] "POST /phpmyadmin/tbl_create.php HTTP/1.1" 200 310
::1 - - [11/Apr/2017:21:15:31 +0200] "GET /phpmyadmin/index.php?token=1afc4d229d548f7ab2e221510b608158 HTTP/1.1" 200 8153
::1 - - [11/Apr/2017:21:15:31 +0200] "GET /phpmyadmin/db_structure.php?db=lijst&table=&server=1&target=&token=1afc4d229d548f7ab2e221510b608158 HTTP/1.1" 200 8192
::1 - - [11/Apr/2017:21:15:32 +0200] "GET /phpmyadmin/js/messages.php?lang=nl&db=lijst&token=1afc4d229d548f7ab2e221510b608158 HTTP/1.1" 200 18194
::1 - - [11/Apr/2017:21:15:34 +0200] "POST /phpmyadmin/index.php HTTP/1.1" 302 -
::1 - - [11/Apr/2017:21:15:34 +0200] "GET /phpmyadmin/index.php?db=lijst&target=db_structure.php&token=1afc4d229d548f7ab2e221510b608158 HTTP/1.1" 200 12272
::1 - - [11/Apr/2017:21:15:35 +0200] "GET /phpmyadmin/js/get_scripts.js.php?scripts[]=jquery/jquery-1.8.3.js&scripts[]=ajax.js&scripts[]=keyhandler.js&scripts[]=jquery/jquery-ui-1.9.2.custom.js&scripts[]=jquery/jquery.sprintf.js&scripts[]=jquery/jquery.cookie.js&scripts[]=jquery/jquery.mousewheel.js&scripts[]=jquery/jquery.event.drag-2.2.js&scripts[]=jquery/jquery-ui-timepicker-addon.js&scripts[]=jquery/jquery.ba-hashchange-1.3.js&scripts[]=jquery/jquery.debounce-1.0.5.js&scripts[]=jquery/jquery.menuResizer-1.0.js&scripts[]=rte.js&scripts[]=functions.js&scripts[]=navigation.js&scripts[]=indexes.js&scripts[]=common.js&scripts[]=db_structure.js&scripts[]=tbl_change.js&scripts[]=codemirror/lib/codemirror.js&scripts[]=codemirror/mode/mysql/mysql.js HTTP/1.1" 200 590944
::1 - - [11/Apr/2017:21:15:35 +0200] "GET /phpmyadmin/phpmyadmin.css.php?server=1&token=1afc4d229d548f7ab2e221510b608158&nocache=5617045549ltr HTTP/1.1" 200 88608
::1 - - [11/Apr/2017:21:15:35 +0200] "GET /phpmyadmin/themes/pmahomme/img/logo_left.png HTTP/1.1" 200 2327
::1 - - [11/Apr/2017:21:15:35 +0200] "GET /phpmyadmin/themes/pmahomme/img/ajax_clock_small.gif HTTP/1.1" 200 1810
::1 - - [11/Apr/2017:21:15:35 +0200] "GET /phpmyadmin/js/messages.php?lang=nl&db=lijst&server=0&token=1afc4d229d548f7ab2e221510b608158 HTTP/1.1" 200 18194
::1 - - [11/Apr/2017:21:15:35 +0200] "GET /phpmyadmin/themes/pmahomme/img/left_nav_bg.png HTTP/1.1" 200 297
::1 - - [11/Apr/2017:21:15:39 +0200] "POST /phpmyadmin/tbl_create.php HTTP/1.1" 200 143492
::1 - - [11/Apr/2017:21:15:39 +0200] "GET /phpmyadmin/index.php?ajax_request=1&recent_table=1&token=1afc4d229d548f7ab2e221510b608158 HTTP/1.1" 200 447
::1 - - [11/Apr/2017:21:16:30 +0200] "POST /phpmyadmin/tbl_create.php HTTP/1.1" 200 7477
::1 - - [11/Apr/2017:21:16:30 +0200] "GET /phpmyadmin/db_structure.php?token=1afc4d229d548f7ab2e221510b608158&server=1&db=lijst&table=users&ajax_request=true&ajax_page_request=true&menuHashes=6ae82054-6e5a582f&_nocache=1491938190992779196 HTTP/1.1" 200 12649
::1 - - [11/Apr/2017:21:16:31 +0200] "GET /phpmyadmin/themes/pmahomme/img/arrow_ltr.png HTTP/1.1" 200 139
::1 - - [11/Apr/2017:21:16:30 +0200] "POST /phpmyadmin/navigation.php?ajax_request=1&token=1afc4d229d548f7ab2e221510b608158 HTTP/1.1" 200 669
::1 - - [11/Apr/2017:21:16:31 +0200] "GET /phpmyadmin/index.php?ajax_request=1&recent_table=1&token=1afc4d229d548f7ab2e221510b608158 HTTP/1.1" 200 447
::1 - - [11/Apr/2017:21:16:32 +0200] "GET /phpmyadmin/tbl_structure.php?db=lijst&table=users&token=1afc4d229d548f7ab2e221510b608158&ajax_request=true&ajax_page_request=true&menuHashes=6ae82054-6e5a582f-9a207926&_nocache=1491938192712797670 HTTP/1.1" 200 29739
::1 - - [11/Apr/2017:21:16:32 +0200] "GET /phpmyadmin/js/get_scripts.js.php?scripts[]=tbl_structure.js HTTP/1.1" 200 7496
::1 - - [11/Apr/2017:21:16:34 +0200] "GET /phpmyadmin/index.php?ajax_request=1&recent_table=1&token=1afc4d229d548f7ab2e221510b608158 HTTP/1.1" 200 447
::1 - - [11/Apr/2017:21:16:44 +0200] "POST /phpmyadmin/tbl_structure.php HTTP/1.1" 200 30536
::1 - - [11/Apr/2017:21:16:44 +0200] "GET /phpmyadmin/js/get_scripts.js.php?scripts[]=jquery/jquery-1.8.3.js&scripts[]=ajax.js&scripts[]=keyhandler.js&scripts[]=jquery/jquery-ui-1.9.2.custom.js&scripts[]=jquery/jquery.sprintf.js&scripts[]=jquery/jquery.cookie.js&scripts[]=jquery/jquery.mousewheel.js&scripts[]=jquery/jquery.event.drag-2.2.js&scripts[]=jquery/jquery-ui-timepicker-addon.js&scripts[]=jquery/jquery.ba-hashchange-1.3.js&scripts[]=jquery/jquery.debounce-1.0.5.js&scripts[]=jquery/jquery.menuResizer-1.0.js&scripts[]=rte.js&scripts[]=functions.js&scripts[]=navigation.js&scripts[]=indexes.js&scripts[]=common.js&scripts[]=tbl_structure.js&scripts[]=codemirror/lib/codemirror.js&scripts[]=codemirror/mode/mysql/mysql.js HTTP/1.1" 200 586058
::1 - - [11/Apr/2017:21:16:44 +0200] "GET /phpmyadmin/index.php?ajax_request=1&recent_table=1&token=1afc4d229d548f7ab2e221510b608158 HTTP/1.1" 200 447
::1 - - [11/Apr/2017:21:16:48 +0200] "POST /phpmyadmin/tbl_structure.php HTTP/1.1" 200 11665
::1 - - [11/Apr/2017:21:16:48 +0200] "GET /phpmyadmin/index.php?ajax_request=1&recent_table=1&token=1afc4d229d548f7ab2e221510b608158 HTTP/1.1" 200 447
::1 - - [11/Apr/2017:21:16:56 +0200] "POST /phpmyadmin/tbl_structure.php HTTP/1.1" 200 32245
::1 - - [11/Apr/2017:21:16:58 +0200] "GET /phpmyadmin/index.php?ajax_request=1&recent_table=1&token=1afc4d229d548f7ab2e221510b608158 HTTP/1.1" 200 447
::1 - - [11/Apr/2017:21:21:31 +0200] "GET /login.php HTTP/1.1" 200 630
::1 - - [11/Apr/2017:21:21:32 +0200] "GET /register.php HTTP/1.1" 200 367
::1 - - [11/Apr/2017:21:22:21 +0200] "GET /register.php HTTP/1.1" 200 367
::1 - - [11/Apr/2017:21:23:14 +0200] "GET /register.php HTTP/1.1" 200 119
::1 - - [11/Apr/2017:21:24:00 +0200] "GET /register.php HTTP/1.1" 200 831
::1 - - [11/Apr/2017:21:24:00 +0200] "GET /assets/css/style.css HTTP/1.1" 304 -
::1 - - [11/Apr/2017:21:24:11 +0200] "GET /register.php HTTP/1.1" 200 709
::1 - - [11/Apr/2017:21:24:18 +0200] "GET /register.php HTTP/1.1" 200 709
::1 - - [11/Apr/2017:21:24:19 +0200] "GET /register.php HTTP/1.1" 200 709
::1 - - [11/Apr/2017:21:24:19 +0200] "GET /register.php HTTP/1.1" 200 709
::1 - - [11/Apr/2017:21:24:24 +0200] "GET /register.php HTTP/1.1" 200 709
::1 - - [11/Apr/2017:21:24:25 +0200] "GET /register.php HTTP/1.1" 200 709
::1 - - [11/Apr/2017:21:25:53 +0200] "GET /register.php HTTP/1.1" 200 134
::1 - - [11/Apr/2017:21:26:20 +0200] "GET /register.php HTTP/1.1" 200 832
::1 - - [11/Apr/2017:21:26:30 +0200] "GET /register.php HTTP/1.1" 200 709
::1 - - [11/Apr/2017:21:26:37 +0200] "GET /register.php HTTP/1.1" 200 709
::1 - - [11/Apr/2017:21:29:06 +0200] "GET /register.php HTTP/1.1" 200 709
::1 - - [11/Apr/2017:21:29:06 +0200] "GET /assets/css/style.css HTTP/1.1" 304 -
::1 - - [11/Apr/2017:21:30:19 +0200] "GET /register.php HTTP/1.1" 200 709
::1 - - [11/Apr/2017:21:30:20 +0200] "GET /login.php HTTP/1.1" 200 630
::1 - - [11/Apr/2017:21:30:21 +0200] "GET /register.php HTTP/1.1" 200 709
::1 - - [11/Apr/2017:21:38:13 +0200] "GET /register.php HTTP/1.1" 200 709
::1 - - [11/Apr/2017:21:38:13 +0200] "GET /assets/css/style.css HTTP/1.1" 304 -
::1 - - [11/Apr/2017:21:38:15 +0200] "GET / HTTP/1.1" 200 493
::1 - - [11/Apr/2017:21:38:21 +0200] "GET /login.php HTTP/1.1" 200 630
::1 - - [11/Apr/2017:21:38:24 +0200] "GET /register.php HTTP/1.1" 200 709
::1 - - [11/Apr/2017:21:38:25 +0200] "GET /login.php HTTP/1.1" 200 630
::1 - - [11/Apr/2017:21:38:25 +0200] "GET /register.php HTTP/1.1" 200 709
::1 - - [11/Apr/2017:21:44:57 +0200] "GET /login.php HTTP/1.1" 200 630
::1 - - [11/Apr/2017:21:44:57 +0200] "GET /assets/css/style.css HTTP/1.1" 304 -
::1 - - [11/Apr/2017:21:44:58 +0200] "GET /register.php HTTP/1.1" 200 709
::1 - - [11/Apr/2017:21:45:08 +0200] "POST /register.php HTTP/1.1" 200 151
