2017-04-11 20:30:42 15064 [Note] Plugin 'FEDERATED' is disabled.
2017-04-11 20:30:42 15064 [Note] InnoDB: The InnoDB memory heap is disabled
2017-04-11 20:30:42 15064 [Note] InnoDB: Mutexes and rw_locks use Windows interlocked functions
2017-04-11 20:30:42 15064 [Note] InnoDB: Compressed tables use zlib 1.2.3
2017-04-11 20:30:42 15064 [Note] InnoDB: Not using CPU crc32 instructions
2017-04-11 20:30:42 15064 [Note] InnoDB: Initializing buffer pool, size = 128.0M
2017-04-11 20:30:42 15064 [Note] InnoDB: Completed initialization of buffer pool
2017-04-11 20:30:42 15064 [Note] InnoDB: Setting log file I:\usbwebserver4\mysql\data\ib_logfile101 size to 5 MB
2017-04-11 20:30:46 15064 [Note] InnoDB: Setting log file I:\usbwebserver4\mysql\data\ib_logfile1 size to 5 MB
2017-04-11 20:30:47 15064 [Note] InnoDB: Renaming log file I:\usbwebserver4\mysql\data\ib_logfile101 to I:\usbwebserver4\mysql\data\ib_logfile0
2017-04-11 20:30:47 15064 [Warning] InnoDB: New log files created, LSN=1626134
2017-04-11 20:30:47 15064 [Note] InnoDB: Highest supported file format is Barracuda.
2017-04-11 20:30:47 15064 [Note] InnoDB: 128 rollback segment(s) are active.
2017-04-11 20:30:47 15064 [Note] InnoDB: Waiting for purge to start
2017-04-11 20:30:47 15064 [Note] InnoDB: 5.6.13 started; log sequence number 1626636
2017-04-11 20:30:47 15064 [Warning] No existing UUID has been found, so we assume that this is the first time that this server has been started. Generating a new UUID: fb832f6d-1ee4-11e7-a1a6-d8cb8a10af92.
2017-04-11 20:30:47 15064 [Note] Server hostname (bind-address): '*'; port: 3307
2017-04-11 20:30:47 15064 [Note] IPv6 is available.
2017-04-11 20:30:47 15064 [Note]   - '::' resolves to '::';
2017-04-11 20:30:47 15064 [Note] Server socket created on IP: '::'.
2017-04-11 20:30:48 15064 [Note] Event Scheduler: Loaded 0 events
2017-04-11 20:30:48 15064 [Note] I:\usbwebserver4/mysql/bin/mysqld_usbwv8.exe: ready for connections.
Version: '5.6.13'  socket: ''  port: 3307  MySQL Community Server (GPL)
